<?xml version="1.0" encoding="UTF-8"?>
<testng-results ignored="0" total="1" passed="1" failed="0" skipped="0">
  <reporter-output>
  </reporter-output>
  <suite started-at="2023-12-07T18:53:59 IST" name="Default suite" finished-at="2023-12-07T18:54:06 IST" duration-ms="7551">
    <groups>
    </groups>
    <test started-at="2023-12-07T18:53:59 IST" name="Default test" finished-at="2023-12-07T18:54:06 IST" duration-ms="7551">
      <class name="test.Fblogintest">
        <test-method is-config="true" signature="setUp()[pri:0, instance:test.Fblogintest@1ffaf86]" started-at="2023-12-07T18:53:59 IST" name="setUp" finished-at="2023-12-07T18:54:06 IST" duration-ms="7248" status="PASS">
          <reporter-output>
          </reporter-output>
        </test-method> <!-- setUp -->
        <test-method signature="test()[pri:0, instance:test.Fblogintest@1ffaf86]" started-at="2023-12-07T18:54:06 IST" name="test" finished-at="2023-12-07T18:54:06 IST" duration-ms="274" status="PASS">
          <reporter-output>
          </reporter-output>
        </test-method> <!-- test -->
      </class> <!-- test.Fblogintest -->
    </test> <!-- Default test -->
  </suite> <!-- Default suite -->
</testng-results>
